<?xml version="1.0" encoding="UTF-8"?>
<!-- Generated by org.testng.reporters.JUnitReportReporter -->
<testsuite hostname="DESKTOP-MILGGOO" failures="0" tests="1" name="TCS.tests.PractiseTest" time="71.565" errors="0" timestamp="2024-10-08T23:20:01 IST" skipped="0">
  <testcase classname="TCS.tests.PractiseTest" name="DropDowns" time="71.565"/>
</testsuite> <!-- TCS.tests.PractiseTest -->
