<?xml version="1.0" encoding="UTF-8"?>
<!-- Generated by org.testng.reporters.JUnitReportReporter -->
<testsuite hostname="DESKTOP-MILGGOO" failures="0" tests="1" name="TCS.tests.Sample" time="27.947" errors="0" timestamp="2024-10-08T23:08:02 IST" skipped="0">
  <testcase classname="TCS.tests.Sample" name="Link" time="27.947"/>
</testsuite> <!-- TCS.tests.Sample -->
